{"time":"2015-08-15T19:14:20.626341336+08:00","message":"deploying all service discovery related container.\n%!(EXTRA []interface {}=[])","level":{"Value":10,"Name":"DEBUG"},"data":null,"pid":1930,"logger":{"name":"debug  "}}
{"time":"2015-08-15T19:14:20.630407628+08:00","message":"loading all container infos.%!(EXTRA []interface {}=[])","level":{"Value":10,"Name":"DEBUG"},"data":null,"pid":1930,"logger":{"name":"debug  "}}
{"time":"2015-08-15T19:16:27.628042936+08:00","message":"deploying all service discovery related container. len:[0]\n","level":{"Value":10,"Name":"DEBUG"},"data":null,"pid":2001,"logger":{"name":"debug  "}}
{"time":"2015-08-15T19:16:27.911574435+08:00","message":"loading all container infos.%!(EXTRA []interface {}=[])","level":{"Value":10,"Name":"DEBUG"},"data":null,"pid":2001,"logger":{"name":"debug  "}}
{"time":"2015-08-15T19:23:57.181291348+08:00","message":"deploying all service discovery related container. len:[0]","level":{"Value":10,"Name":"DEBUG"},"data":null,"pid":2054,"logger":{"name":"debug  "}}
{"time":"2015-08-15T19:23:57.464012264+08:00","message":"loading all container infos.%!(EXTRA []interface {}=[])","level":{"Value":10,"Name":"DEBUG"},"data":null,"pid":2054,"logger":{"name":"debug  "}}
{"time":"2015-08-16T17:27:05.610995088+08:00","message":"deploying all service discovery related container. len:[0]","level":{"Value":10,"Name":"DEBUG"},"data":null,"pid":2453,"logger":{"name":"debug  "}}
{"time":"2015-08-16T17:27:46.123412391+08:00","message":"deploying all service discovery related container. len:[0]","level":{"Value":10,"Name":"DEBUG"},"data":null,"pid":2487,"logger":{"name":"debug  "}}
{"time":"2015-08-16T17:28:00.089264538+08:00","message":"deploying all service discovery related container. len:[0]","level":{"Value":10,"Name":"DEBUG"},"data":null,"pid":2521,"logger":{"name":"debug  "}}
{"time":"2015-08-16T17:28:25.124493313+08:00","message":"deploying all service discovery related container. len:[0]","level":{"Value":10,"Name":"DEBUG"},"data":null,"pid":2558,"logger":{"name":"debug  "}}
{"time":"2015-08-16T17:42:06.15995855+08:00","message":"init biz container description. group:[icy-c-web %!s(int=1)]. level:%!d(MISSING)\n","level":{"Value":10,"Name":"DEBUG"},"data":null,"pid":2870,"logger":{"name":"debug  "}}
{"time":"2015-08-16T17:42:08.523684032+08:00","message":"deploying all service discovery related container. len:[1]","level":{"Value":10,"Name":"DEBUG"},"data":null,"pid":2870,"logger":{"name":"debug  "}}
{"time":"2015-08-16T17:42:08.527228962+08:00","message":"deploy service discovery container. group:[icy-c-nginx]","level":{"Value":10,"Name":"DEBUG"},"data":null,"pid":2870,"logger":{"name":"debug  "}}
{"time":"2015-08-16T17:53:14.783942821+08:00","message":"init biz container description. group:[icy-c-web %!s(int=1)]. level:%!d(MISSING)\n","level":{"Value":10,"Name":"DEBUG"},"data":null,"pid":2925,"logger":{"name":"debug  "}}
{"time":"2015-08-16T17:53:17.277945874+08:00","message":"deploying all service discovery related container. len:[1]","level":{"Value":10,"Name":"DEBUG"},"data":null,"pid":2925,"logger":{"name":"debug  "}}
{"time":"2015-08-16T17:53:17.281378952+08:00","message":"deploy service discovery container. group:[icy-c-nginx]","level":{"Value":10,"Name":"DEBUG"},"data":null,"pid":2925,"logger":{"name":"debug  "}}
{"time":"2015-08-16T18:00:12.796974292+08:00","message":"init biz container description. group:[icy-c-web %!s(int=1)]. level:%!d(MISSING)\n","level":{"Value":10,"Name":"DEBUG"},"data":null,"pid":3034,"logger":{"name":"debug  "}}
{"time":"2015-08-16T18:00:15.6677489+08:00","message":"deploying all service discovery related container. len:[1]","level":{"Value":10,"Name":"DEBUG"},"data":null,"pid":3034,"logger":{"name":"debug  "}}
{"time":"2015-08-16T18:00:15.670122122+08:00","message":"deploy service discovery container. group:[icy-c-nginx]","level":{"Value":10,"Name":"DEBUG"},"data":null,"pid":3034,"logger":{"name":"debug  "}}
{"time":"2015-08-16T18:04:57.98003687+08:00","message":"init biz container description. group:[icy-c-web %!s(int=1)]. level:%!d(MISSING)\n","level":{"Value":10,"Name":"DEBUG"},"data":null,"pid":3083,"logger":{"name":"debug  "}}
{"time":"2015-08-16T18:05:00.828215135+08:00","message":"deploying all service discovery related container. len:[1]","level":{"Value":10,"Name":"DEBUG"},"data":null,"pid":3083,"logger":{"name":"debug  "}}
{"time":"2015-08-16T18:05:00.829934763+08:00","message":"deploy service discovery container. group:[icy-c-nginx]","level":{"Value":10,"Name":"DEBUG"},"data":null,"pid":3083,"logger":{"name":"debug  "}}
{"time":"2015-08-16T18:05:44.490946563+08:00","message":"init biz container description. group:[icy-c-web %!s(int=1)]. level:%!d(MISSING)\n","level":{"Value":10,"Name":"DEBUG"},"data":null,"pid":3147,"logger":{"name":"debug  "}}
{"time":"2015-08-16T18:05:47.319252713+08:00","message":"deploying all service discovery related container. len:[1]","level":{"Value":10,"Name":"DEBUG"},"data":null,"pid":3147,"logger":{"name":"debug  "}}
{"time":"2015-08-16T18:05:47.322725205+08:00","message":"deploy service discovery container. group:[icy-c-nginx]","level":{"Value":10,"Name":"DEBUG"},"data":null,"pid":3147,"logger":{"name":"debug  "}}
{"time":"2015-08-16T18:08:53.422524971+08:00","message":"init biz container description. group:[icy-c-web %!s(int=1)]. level:%!d(MISSING)\n","level":{"Value":10,"Name":"DEBUG"},"data":null,"pid":3196,"logger":{"name":"debug  "}}
{"time":"2015-08-16T18:08:55.74920802+08:00","message":"deploying all service discovery related container. len:[1]","level":{"Value":10,"Name":"DEBUG"},"data":null,"pid":3196,"logger":{"name":"debug  "}}
{"time":"2015-08-16T18:08:55.751043509+08:00","message":"deploy service discovery container. group:[icy-c-nginx]","level":{"Value":10,"Name":"DEBUG"},"data":null,"pid":3196,"logger":{"name":"debug  "}}
{"time":"2015-08-16T18:10:11.256022766+08:00","message":"init biz container description. group:[icy-c-web %!s(int=1)]. level:%!d(MISSING)\n","level":{"Value":10,"Name":"DEBUG"},"data":null,"pid":3245,"logger":{"name":"debug  "}}
{"time":"2015-08-16T18:10:13.760720082+08:00","message":"deploy service discovery container. group:[icy-c-nginx]","level":{"Value":10,"Name":"DEBUG"},"data":null,"pid":3245,"logger":{"name":"debug  "}}
{"time":"2015-08-16T18:10:46.146883339+08:00","message":"init biz container description. group:[icy-c-web %!s(int=1)]. level:%!d(MISSING)\n","level":{"Value":10,"Name":"DEBUG"},"data":null,"pid":3294,"logger":{"name":"debug  "}}
{"time":"2015-08-16T18:13:33.675539606+08:00","message":"init biz container description. group:[icy-c-web %!s(int=1)]. level:%!d(MISSING)\n","level":{"Value":10,"Name":"DEBUG"},"data":null,"pid":3351,"logger":{"name":"debug  "}}
{"time":"2015-08-16T18:20:56.988934495+08:00","message":"init biz container description. group:[icy-c-web %!s(int=1)]. level:%!d(MISSING)\n","level":{"Value":10,"Name":"DEBUG"},"data":null,"pid":3401,"logger":{"name":"debug  "}}
{"time":"2015-08-16T18:31:06.039306502+08:00","message":"init biz container description. group:[icy-c-web %!s(int=1)]. level:%!d(MISSING)\n","level":{"Value":10,"Name":"DEBUG"},"data":null,"pid":3483,"logger":{"name":"debug  "}}
{"time":"2015-08-16T18:31:51.912521721+08:00","message":"init biz container description. group:[icy-c-web %!s(int=1)]. level:%!d(MISSING)\n","level":{"Value":10,"Name":"DEBUG"},"data":null,"pid":3518,"logger":{"name":"debug  "}}
{"time":"2015-08-16T18:33:00.628958308+08:00","message":"init biz container description. group:[icy-c-web %!s(int=1)]. level:%!d(MISSING)\n","level":{"Value":10,"Name":"DEBUG"},"data":null,"pid":3566,"logger":{"name":"debug  "}}
{"time":"2015-08-16T18:43:57.000708928+08:00","message":"init biz container description. group:[icy-c-web %!s(int=1)]. level:%!d(MISSING)\n","level":{"Value":10,"Name":"DEBUG"},"data":null,"pid":3627,"logger":{"name":"debug  "}}
{"time":"2015-08-16T18:53:31.274587741+08:00","message":"init biz container description. group:[icy-c-web %!s(int=1)]. level:%!d(MISSING)\n","level":{"Value":10,"Name":"DEBUG"},"data":null,"pid":3696,"logger":{"name":"debug  "}}
{"time":"2015-08-16T18:57:46.485809169+08:00","message":"init biz container description. group:[icy-c-web %!s(int=1)]. level:%!d(MISSING)\n","level":{"Value":10,"Name":"DEBUG"},"data":null,"pid":3724,"logger":{"name":"debug  "}}
{"time":"2015-08-16T18:59:05.685829048+08:00","message":"init biz container description. group:[icy-c-web %!s(int=1)]. level:%!d(MISSING)\n","level":{"Value":10,"Name":"DEBUG"},"data":null,"pid":3860,"logger":{"name":"debug  "}}
{"time":"2015-08-16T18:59:37.768983718+08:00","message":"init biz container description. group:[icy-c-web %!s(int=1)]. level:%!d(MISSING)\n","level":{"Value":10,"Name":"DEBUG"},"data":null,"pid":3895,"logger":{"name":"debug  "}}
{"time":"2015-08-16T19:06:13.886638808+08:00","message":"init biz container description. group:[icy-c-web %!s(int=1)]. level:%!d(MISSING)\n","level":{"Value":10,"Name":"DEBUG"},"data":null,"pid":3987,"logger":{"name":"debug  "}}
